[072월2026 20:35:48.151] [main/INFO] [cpw.mods.modlauncher.Launcher/MODLAUNCHER]: ModLauncher running: args [--launchTarget, neoforgeclientdev, --version, 21.4.156, --assetIndex, 19, --assetsDir, C:\\Users\\hajuu\\.gradle\\caches\\neoformruntime\\assets, --gameDir, ., --fml.fmlVersion, 6.0.18, --fml.mcVersion, 1.21.4, --fml.neoForgeVersion, 21.4.156, --fml.neoFormVersion, 20241203.161809]
[072월2026 20:35:48.153] [main/INFO] [cpw.mods.modlauncher.Launcher/MODLAUNCHER]: JVM identified as Amazon.com Inc. OpenJDK 64-Bit Server VM 21.0.4+7-LTS
[072월2026 20:35:48.154] [main/INFO] [cpw.mods.modlauncher.Launcher/MODLAUNCHER]: ModLauncher 11.0.4+main.d2e20e43 starting: java version 21.0.4 by Amazon.com Inc.; OS Windows 11 arch amd64 version 10.0
[072월2026 20:35:48.251] [main/INFO] [net.neoforged.fml.loading.ImmediateWindowHandler/]: Loading ImmediateWindowProvider fmlearlywindow
[072월2026 20:35:48.350] [main/INFO] [EARLYDISPLAY/]: Trying GL version 4.6
[072월2026 20:35:48.556] [main/INFO] [EARLYDISPLAY/]: Requested GL version 4.6 got version 4.6
[072월2026 20:35:48.623] [main/INFO] [mixin/]: SpongePowered MIXIN Subsystem Version=0.8.7 Source=union:/C:/Users/hajuu/.gradle/caches/modules-2/files-2.1/net.fabricmc/sponge-mixin/0.15.2+mixin.0.8.7/2af2f021d8e02a0220dc27a7a72b4666d66d44ca/sponge-mixin-0.15.2+mixin.0.8.7.jar%23162!/ Service=ModLauncher Env=CLIENT
[072월2026 20:35:48.833] [pool-2-thread-1/INFO] [EARLYDISPLAY/]: GL info: NVIDIA GeForce RTX 4080/PCIe/SSE2 GL version 4.6.0 NVIDIA 576.88, NVIDIA Corporation
[072월2026 20:35:49.221] [main/WARN] [net.neoforged.jarjar.selection.JarSelector/]: Attempted to select two dependency jars from JarJar which have the same identification: Nested Mod File  in Mod File: C:\Users\hajuu\.gradle\caches\modules-2\files-2.1\thedarkcolour\kotlinforforge-neoforge\5.7.0\2db379876c28da1526de37196c699a34c33fb08\kotlinforforge-neoforge-5.7.0-all.jar and Nested Mod File  in Mod File: C:\Users\hajuu\.gradle\caches\modules-2\files-2.1\thedarkcolour\kotlinforforge-neoforge\5.7.0\2db379876c28da1526de37196c699a34c33fb08\kotlinforforge-neoforge-5.7.0-all.jar. Using Nested Mod File  in Mod File: C:\Users\hajuu\.gradle\caches\modules-2\files-2.1\thedarkcolour\kotlinforforge-neoforge\5.7.0\2db379876c28da1526de37196c699a34c33fb08\kotlinforforge-neoforge-5.7.0-all.jar
[072월2026 20:35:49.223] [main/INFO] [net.neoforged.fml.loading.moddiscovery.locators.JarInJarDependencyLocator/]: Found 10 dependencies adding them to mods collection
[072월2026 20:35:49.224] [main/INFO] [net.neoforged.fml.loading.moddiscovery.ModDiscoverer/]: 
     Mod List:
		Name Version (Mod Id)

		Esther Server 1.0.0 (estherserver)
		Kotlin For Forge 5.7.0 (kotlinforforge)
		Minecraft 1.21.4 (minecraft)
		NeoForge 21.4.156 (neoforge)
[072월2026 20:35:50.060] [main/INFO] [mixin/]: Compatibility level set to JAVA_21
[072월2026 20:35:50.070] [main/INFO] [cpw.mods.modlauncher.LaunchServiceHandler/MODLAUNCHER]: Launching target 'neoforgeclientdev' with arguments [--version, 21.4.156, --gameDir, ., --assetsDir, C:\Users\hajuu\.gradle\caches\neoformruntime\assets, --assetIndex, 19]
[072월2026 20:35:51.735] [Datafixer Bootstrap/INFO] [com.mojang.datafixers.DataFixerBuilder/]: 246 Datafixer optimizations took 478 milliseconds
[072월2026 20:35:51.896] [main/WARN] [oshi.driver.windows.perfmon.PerfmonDisabled/]: Invalid registry value type detected for PerfOS counters. Should be REG_DWORD. Ignoring: HKEY_LOCAL_MACHINE\SYSTEM\CurrentControlSet\Services\PerfOS\Performance\Disable Performance Counters.
[072월2026 20:35:51.949] [pool-8-thread-1/INFO] [MixinExtras|Service/]: Initializing MixinExtras via com.llamalad7.mixinextras.service.MixinExtrasServiceImpl(version=0.5.0).
[072월2026 20:35:56.570] [main/WARN] [net.minecraft.commands.Commands/]: Ambiguity between arguments [teleport, location] and [teleport, destination] with inputs: [0.1 -0.5 .9, 0 0 0]
[072월2026 20:35:56.571] [main/WARN] [net.minecraft.commands.Commands/]: Ambiguity between arguments [teleport, location] and [teleport, targets] with inputs: [0.1 -0.5 .9, 0 0 0]
[072월2026 20:35:56.573] [main/WARN] [net.minecraft.commands.Commands/]: Ambiguity between arguments [teleport, destination] and [teleport, targets] with inputs: [Player, 0123, @e, dd12be42-52a9-4a91-a8a1-11c01849e498]
[072월2026 20:35:56.574] [main/WARN] [net.minecraft.commands.Commands/]: Ambiguity between arguments [teleport, targets] and [teleport, destination] with inputs: [Player, 0123, dd12be42-52a9-4a91-a8a1-11c01849e498]
[072월2026 20:35:56.575] [main/WARN] [net.minecraft.commands.Commands/]: Ambiguity between arguments [teleport, targets, location] and [teleport, targets, destination] with inputs: [0.1 -0.5 .9, 0 0 0]
[072월2026 20:35:56.718] [Render thread/WARN] [net.minecraft.server.packs.VanillaPackResourcesBuilder/]: Assets URL 'union:/C:/Users/hajuu/OneDrive/바탕%20화면/coding/esther-server/build/moddev/artifacts/neoforge-21.4.156-minecraft.jar%23215!/assets/.mcassetsroot' uses unexpected schema
[072월2026 20:35:56.718] [Render thread/WARN] [net.minecraft.server.packs.VanillaPackResourcesBuilder/]: Assets URL 'union:/C:/Users/hajuu/OneDrive/바탕%20화면/coding/esther-server/build/moddev/artifacts/neoforge-21.4.156-minecraft.jar%23215!/data/.mcassetsroot' uses unexpected schema
[072월2026 20:35:56.743] [Render thread/INFO] [com.mojang.authlib.yggdrasil.YggdrasilAuthenticationService/]: Environment: Environment[sessionHost=https://sessionserver.mojang.com, servicesHost=https://api.minecraftservices.com, name=PROD]
[072월2026 20:35:56.751] [Render thread/INFO] [net.minecraft.client.Minecraft/]: Setting user: Dev
[072월2026 20:35:56.814] [Render thread/INFO] [net.minecraft.client.Minecraft/]: Backend library: LWJGL version 3.3.3+5
[072월2026 20:35:57.158] [modloading-worker-0/INFO] [net.neoforged.neoforge.common.NeoForgeMod/NEOFORGE-MOD]: NeoForge mod loading, version 21.4.156, for MC 1.21.4
[072월2026 20:35:57.445] [modloading-worker-0/INFO] [thedarkcolour.kotlinforforge.neoforge.test.KotlinForForge/]: Kotlin For Forge Enabled!
[072월2026 20:35:57.462] [modloading-worker-0/FATAL] [thedarkcolour.kotlinforforge.neoforge.LoggerKt/LOADING]: Failed to load mod class Lnet/neoforged/fml/common/EventBusSubscriber; for @EventBusSubscriber annotation
java.lang.IllegalArgumentException: Expected @SubscribeEvent method public static final void com.juyoung.estherserver.EstherServerMod$ClientModEvents.onClientSetup(net.neoforged.fml.event.lifecycle.FMLClientSetupEvent) to NOT be static
because register() was called with an instance type.
Either make the method non-static, or call register(ClientModEvents.class).

	at MC-BOOTSTRAP/net.neoforged.bus/net.neoforged.bus.EventBus.register(EventBus.java:124) ~[bus-8.0.5.jar%23175!/:?]
	at LAYER PLUGIN/kfflang.neoforge@5.7.0/thedarkcolour.kotlinforforge.neoforge.AutoKotlinEventBusSubscriber.registerTo(AutoKotlinEventBusSubscriber.kt:102) ~[kfflang-neoforge-5.7.0.jar%23230!/:5.7.0]
	at LAYER PLUGIN/kfflang.neoforge@5.7.0/thedarkcolour.kotlinforforge.neoforge.AutoKotlinEventBusSubscriber.inject(AutoKotlinEventBusSubscriber.kt:88) ~[kfflang-neoforge-5.7.0.jar%23230!/:5.7.0]
	at LAYER PLUGIN/kfflang.neoforge@5.7.0/thedarkcolour.kotlinforforge.neoforge.KotlinModContainer.constructMod(KotlinModContainer.kt:128) ~[kfflang-neoforge-5.7.0.jar%23230!/:5.7.0]
	at MC-BOOTSTRAP/fml_loader@6.0.18/net.neoforged.fml.ModLoader.lambda$constructMods$3(ModLoader.java:153) ~[loader-6.0.18.jar%23173!/:6.0]
	at MC-BOOTSTRAP/fml_loader@6.0.18/net.neoforged.fml.ModLoader.lambda$dispatchParallelTask$7(ModLoader.java:231) ~[loader-6.0.18.jar%23173!/:6.0]
	at java.base/java.util.concurrent.CompletableFuture.uniHandle(CompletableFuture.java:934) [?:?]
	at java.base/java.util.concurrent.CompletableFuture$UniHandle.tryFire(CompletableFuture.java:911) [?:?]
	at java.base/java.util.concurrent.CompletableFuture$Completion.exec(CompletableFuture.java:483) [?:?]
	at java.base/java.util.concurrent.ForkJoinTask.doExec(ForkJoinTask.java:387) [?:?]
	at java.base/java.util.concurrent.ForkJoinPool$WorkQueue.topLevelExec(ForkJoinPool.java:1312) [?:?]
	at java.base/java.util.concurrent.ForkJoinPool.scan(ForkJoinPool.java:1843) [?:?]
	at java.base/java.util.concurrent.ForkJoinPool.runWorker(ForkJoinPool.java:1808) [?:?]
	at java.base/java.util.concurrent.ForkJoinWorkerThread.run(ForkJoinWorkerThread.java:188) [?:?]
[072월2026 20:35:57.463] [modloading-worker-0/ERROR] [thedarkcolour.kotlinforforge.neoforge.LoggerKt/LOADING]: Failed to register Automatic Kotlin subscribers. ModID: estherserver, class com.juyoung.estherserver.EstherServerMod
java.lang.RuntimeException: java.lang.IllegalArgumentException: Expected @SubscribeEvent method public static final void com.juyoung.estherserver.EstherServerMod$ClientModEvents.onClientSetup(net.neoforged.fml.event.lifecycle.FMLClientSetupEvent) to NOT be static
because register() was called with an instance type.
Either make the method non-static, or call register(ClientModEvents.class).

	at LAYER PLUGIN/kfflang.neoforge@5.7.0/thedarkcolour.kotlinforforge.neoforge.AutoKotlinEventBusSubscriber.inject(AutoKotlinEventBusSubscriber.kt:91) ~[kfflang-neoforge-5.7.0.jar%23230!/:5.7.0]
	at LAYER PLUGIN/kfflang.neoforge@5.7.0/thedarkcolour.kotlinforforge.neoforge.KotlinModContainer.constructMod(KotlinModContainer.kt:128) ~[kfflang-neoforge-5.7.0.jar%23230!/:5.7.0]
	at MC-BOOTSTRAP/fml_loader@6.0.18/net.neoforged.fml.ModLoader.lambda$constructMods$3(ModLoader.java:153) ~[loader-6.0.18.jar%23173!/:6.0]
	at MC-BOOTSTRAP/fml_loader@6.0.18/net.neoforged.fml.ModLoader.lambda$dispatchParallelTask$7(ModLoader.java:231) ~[loader-6.0.18.jar%23173!/:6.0]
	at java.base/java.util.concurrent.CompletableFuture.uniHandle(CompletableFuture.java:934) [?:?]
	at java.base/java.util.concurrent.CompletableFuture$UniHandle.tryFire(CompletableFuture.java:911) [?:?]
	at java.base/java.util.concurrent.CompletableFuture$Completion.exec(CompletableFuture.java:483) [?:?]
	at java.base/java.util.concurrent.ForkJoinTask.doExec(ForkJoinTask.java:387) [?:?]
	at java.base/java.util.concurrent.ForkJoinPool$WorkQueue.topLevelExec(ForkJoinPool.java:1312) [?:?]
	at java.base/java.util.concurrent.ForkJoinPool.scan(ForkJoinPool.java:1843) [?:?]
	at java.base/java.util.concurrent.ForkJoinPool.runWorker(ForkJoinPool.java:1808) [?:?]
	at java.base/java.util.concurrent.ForkJoinWorkerThread.run(ForkJoinWorkerThread.java:188) [?:?]
Caused by: java.lang.IllegalArgumentException: Expected @SubscribeEvent method public static final void com.juyoung.estherserver.EstherServerMod$ClientModEvents.onClientSetup(net.neoforged.fml.event.lifecycle.FMLClientSetupEvent) to NOT be static
because register() was called with an instance type.
Either make the method non-static, or call register(ClientModEvents.class).

	at MC-BOOTSTRAP/net.neoforged.bus/net.neoforged.bus.EventBus.register(EventBus.java:124) ~[bus-8.0.5.jar%23175!/:?]
	at LAYER PLUGIN/kfflang.neoforge@5.7.0/thedarkcolour.kotlinforforge.neoforge.AutoKotlinEventBusSubscriber.registerTo(AutoKotlinEventBusSubscriber.kt:102) ~[kfflang-neoforge-5.7.0.jar%23230!/:5.7.0]
	at LAYER PLUGIN/kfflang.neoforge@5.7.0/thedarkcolour.kotlinforforge.neoforge.AutoKotlinEventBusSubscriber.inject(AutoKotlinEventBusSubscriber.kt:88) ~[kfflang-neoforge-5.7.0.jar%23230!/:5.7.0]
	... 11 more
[072월2026 20:35:57.469] [Render thread/FATAL] [net.neoforged.fml.ModLoader/LOADING]: Failed to wait for future Mod Construction, 1 errors found
[072월2026 20:35:57.492] [Render thread/ERROR] [net.neoforged.fml.ModLoader/]: Cowardly refusing to send event net.neoforged.neoforge.client.event.ConfigureMainRenderTargetEvent to a broken mod state
[072월2026 20:35:57.590] [Render thread/ERROR] [net.neoforged.fml.ModLoader/]: Cowardly refusing to send event net.neoforged.neoforge.client.event.RegisterItemModelsEvent to a broken mod state
[072월2026 20:35:57.591] [Render thread/ERROR] [net.neoforged.fml.ModLoader/]: Cowardly refusing to send event net.neoforged.neoforge.client.event.RegisterSpecialModelRendererEvent to a broken mod state
[072월2026 20:35:57.596] [Render thread/ERROR] [net.neoforged.fml.ModLoader/]: Cowardly refusing to send event net.neoforged.neoforge.client.event.RegisterColorHandlersEvent$ItemTintSources to a broken mod state
[072월2026 20:35:57.610] [Render thread/ERROR] [net.neoforged.fml.ModLoader/]: Cowardly refusing to send event net.neoforged.neoforge.client.event.RegisterSelectItemModelPropertyEvent to a broken mod state
[072월2026 20:35:57.616] [Render thread/ERROR] [net.neoforged.fml.ModLoader/]: Cowardly refusing to send event net.neoforged.neoforge.client.event.RegisterConditionalItemModelPropertyEvent to a broken mod state
[072월2026 20:35:57.623] [Render thread/ERROR] [net.neoforged.fml.ModLoader/]: Cowardly refusing to send event net.neoforged.neoforge.client.event.RegisterRangeSelectItemModelPropertyEvent to a broken mod state
[072월2026 20:35:57.700] [Render thread/ERROR] [net.neoforged.fml.ModLoader/]: Cowardly refusing to send event net.neoforged.neoforge.client.event.sound.SoundEngineLoadEvent to a broken mod state
[072월2026 20:35:57.718] [Render thread/ERROR] [net.neoforged.fml.ModLoader/]: Cowardly refusing to send event net.neoforged.neoforge.client.event.RegisterColorHandlersEvent$Block to a broken mod state
[072월2026 20:35:57.724] [Render thread/ERROR] [net.neoforged.fml.ModLoader/]: Cowardly refusing to send event net.neoforged.neoforge.client.event.RegisterMaterialAtlasesEvent to a broken mod state
[072월2026 20:35:57.738] [Render thread/ERROR] [net.neoforged.fml.ModLoader/]: Cowardly refusing to send event net.neoforged.neoforge.client.event.RegisterRenderBuffersEvent to a broken mod state
[072월2026 20:35:57.803] [Render thread/ERROR] [net.neoforged.fml.ModLoader/]: Cowardly refusing to send event net.neoforged.neoforge.client.event.RegisterParticleProvidersEvent to a broken mod state
[072월2026 20:35:57.831] [Render thread/ERROR] [net.neoforged.fml.ModLoader/]: Cowardly refusing to send event net.neoforged.neoforge.client.event.RenderLevelStageEvent$RegisterStageEvent to a broken mod state
[072월2026 20:35:57.881] [Render thread/ERROR] [net.neoforged.fml.ModLoader/]: Cowardly refusing to send event net.neoforged.neoforge.client.extensions.common.RegisterClientExtensionsEvent to a broken mod state
[072월2026 20:35:57.881] [Render thread/ERROR] [net.neoforged.fml.ModLoader/]: Cowardly refusing to send event net.neoforged.neoforge.client.event.RegisterSpriteSourceTypesEvent to a broken mod state
[072월2026 20:35:57.903] [Render thread/ERROR] [net.neoforged.fml.ModLoader/]: Cowardly refusing to send event net.neoforged.neoforge.client.event.RegisterMenuScreensEvent to a broken mod state
[072월2026 20:35:57.907] [Render thread/ERROR] [net.neoforged.fml.ModLoader/]: Cowardly refusing to send event net.neoforged.neoforge.client.event.AddClientReloadListenersEvent to a broken mod state
[072월2026 20:35:57.909] [Render thread/ERROR] [net.neoforged.fml.ModLoader/]: Cowardly refusing to send event net.neoforged.neoforge.client.event.EntityRenderersEvent$RegisterLayerDefinitions to a broken mod state
[072월2026 20:35:57.909] [Render thread/ERROR] [net.neoforged.fml.ModLoader/]: Cowardly refusing to send event net.neoforged.neoforge.client.event.EntityRenderersEvent$CreateSkullModels to a broken mod state
[072월2026 20:35:57.909] [Render thread/ERROR] [net.neoforged.fml.ModLoader/]: Cowardly refusing to send event net.neoforged.neoforge.client.event.EntityRenderersEvent$RegisterRenderers to a broken mod state
[072월2026 20:35:57.909] [Render thread/ERROR] [net.neoforged.fml.ModLoader/]: Cowardly refusing to send event net.neoforged.neoforge.client.renderstate.RegisterRenderStateModifiersEvent to a broken mod state
[072월2026 20:35:57.910] [Render thread/ERROR] [net.neoforged.fml.ModLoader/]: Cowardly refusing to send event net.neoforged.neoforge.client.event.RegisterClientTooltipComponentFactoriesEvent to a broken mod state
[072월2026 20:35:57.911] [Render thread/ERROR] [net.neoforged.fml.ModLoader/]: Cowardly refusing to send event net.neoforged.neoforge.client.event.RegisterEntitySpectatorShadersEvent to a broken mod state
[072월2026 20:35:57.911] [Render thread/ERROR] [net.neoforged.fml.ModLoader/]: Cowardly refusing to send event net.neoforged.neoforge.client.event.RegisterKeyMappingsEvent to a broken mod state
[072월2026 20:35:57.912] [Render thread/ERROR] [net.neoforged.fml.ModLoader/]: Cowardly refusing to send event net.neoforged.neoforge.client.event.RegisterRecipeBookSearchCategoriesEvent to a broken mod state
[072월2026 20:35:57.912] [Render thread/ERROR] [net.neoforged.fml.ModLoader/]: Cowardly refusing to send event net.neoforged.neoforge.client.event.RegisterGuiLayersEvent to a broken mod state
[072월2026 20:35:57.915] [Render thread/ERROR] [net.neoforged.fml.ModLoader/]: Cowardly refusing to send event net.neoforged.neoforge.client.event.RegisterDimensionSpecialEffectsEvent to a broken mod state
[072월2026 20:35:57.916] [Render thread/ERROR] [net.neoforged.fml.ModLoader/]: Cowardly refusing to send event net.neoforged.neoforge.client.event.RegisterNamedRenderTypesEvent to a broken mod state
[072월2026 20:35:57.916] [Render thread/ERROR] [net.neoforged.fml.ModLoader/]: Cowardly refusing to send event net.neoforged.neoforge.client.event.RegisterColorHandlersEvent$ColorResolvers to a broken mod state
[072월2026 20:35:57.917] [Render thread/ERROR] [net.neoforged.fml.ModLoader/]: Cowardly refusing to send event net.neoforged.neoforge.client.event.RegisterItemDecorationsEvent to a broken mod state
[072월2026 20:35:57.924] [Render thread/ERROR] [net.neoforged.fml.ModLoader/]: Cowardly refusing to send event net.neoforged.neoforge.client.event.RegisterPresetEditorsEvent to a broken mod state
[072월2026 20:35:57.924] [Render thread/ERROR] [net.neoforged.fml.ModLoader/]: Cowardly refusing to send event net.neoforged.neoforge.client.gui.map.RegisterMapDecorationRenderersEvent to a broken mod state
[072월2026 20:35:57.925] [Render thread/ERROR] [net.neoforged.fml.ModLoader/]: Cowardly refusing to send event net.neoforged.neoforge.client.event.RegisterDimensionTransitionScreenEvent to a broken mod state
[072월2026 20:35:57.935] [Render thread/ERROR] [net.neoforged.fml.ModLoader/]: Cowardly refusing to send event net.neoforged.neoforge.client.event.RegisterJsonAnimationTypesEvent to a broken mod state
[072월2026 20:35:57.935] [Render thread/ERROR] [net.neoforged.fml.ModLoader/]: Cowardly refusing to send event net.neoforged.neoforge.client.event.RegisterShadersEvent to a broken mod state
[072월2026 20:35:58.000] [Render thread/INFO] [net.minecraft.server.packs.resources.ReloadableResourceManager/]: Reloading ResourceManager: vanilla
[072월2026 20:35:58.025] [Render thread/ERROR] [net.neoforged.fml.ModLoader/]: Cowardly refusing to send event net.neoforged.neoforge.client.event.ModelEvent$RegisterLoaders to a broken mod state
[072월2026 20:35:58.075] [resourceLoad/INFO] [net.minecraft.client.gui.font.providers.UnihexProvider/]: Found unifont_all_no_pua-16.0.01.hex, loading
[072월2026 20:35:58.075] [resourceLoad/INFO] [net.minecraft.client.gui.font.providers.UnihexProvider/]: Found unifont_jp_patch-16.0.01.hex, loading
[072월2026 20:35:58.343] [resourceLoad/ERROR] [net.neoforged.fml.ModLoader/]: Cowardly refusing to send event net.neoforged.neoforge.client.event.RegisterSpecialBlockModelRendererEvent to a broken mod state
[072월2026 20:35:58.437] [resourceLoad/ERROR] [net.neoforged.fml.ModLoader/]: Cowardly refusing to send event net.neoforged.neoforge.client.event.ModelEvent$RegisterAdditional to a broken mod state
[072월2026 20:35:59.023] [resourceLoad/ERROR] [net.neoforged.fml.ModLoader/]: Cowardly refusing to send event net.neoforged.neoforge.client.event.ModelEvent$ModifyBakingResult to a broken mod state
[072월2026 20:35:59.174] [Render thread/INFO] [com.mojang.blaze3d.audio.Library/]: OpenAL initialized on device OpenAL Soft on Headphones(High Definition Audio Device)
[072월2026 20:35:59.175] [Render thread/INFO] [net.minecraft.client.sounds.SoundEngine/SOUNDS]: Sound engine started
[072월2026 20:35:59.175] [Render thread/ERROR] [net.neoforged.fml.ModLoader/]: Cowardly refusing to send event net.neoforged.neoforge.client.event.sound.SoundEngineLoadEvent to a broken mod state
[072월2026 20:35:59.233] [Render thread/INFO] [net.minecraft.client.renderer.texture.TextureAtlas/]: Created: 1024x512x4 minecraft:textures/atlas/blocks.png-atlas
[072월2026 20:35:59.238] [Render thread/ERROR] [net.neoforged.fml.ModLoader/]: Cowardly refusing to send event net.neoforged.neoforge.client.event.TextureAtlasStitchedEvent to a broken mod state
[072월2026 20:35:59.238] [Render thread/INFO] [net.minecraft.client.renderer.texture.TextureAtlas/]: Created: 256x256x4 minecraft:textures/atlas/signs.png-atlas
[072월2026 20:35:59.238] [Render thread/ERROR] [net.neoforged.fml.ModLoader/]: Cowardly refusing to send event net.neoforged.neoforge.client.event.TextureAtlasStitchedEvent to a broken mod state
[072월2026 20:35:59.238] [Render thread/INFO] [net.minecraft.client.renderer.texture.TextureAtlas/]: Created: 512x512x4 minecraft:textures/atlas/shield_patterns.png-atlas
[072월2026 20:35:59.239] [Render thread/ERROR] [net.neoforged.fml.ModLoader/]: Cowardly refusing to send event net.neoforged.neoforge.client.event.TextureAtlasStitchedEvent to a broken mod state
[072월2026 20:35:59.239] [Render thread/INFO] [net.minecraft.client.renderer.texture.TextureAtlas/]: Created: 512x512x4 minecraft:textures/atlas/banner_patterns.png-atlas
[072월2026 20:35:59.239] [Render thread/ERROR] [net.neoforged.fml.ModLoader/]: Cowardly refusing to send event net.neoforged.neoforge.client.event.TextureAtlasStitchedEvent to a broken mod state
[072월2026 20:35:59.239] [Render thread/INFO] [net.minecraft.client.renderer.texture.TextureAtlas/]: Created: 2048x1024x4 minecraft:textures/atlas/armor_trims.png-atlas
[072월2026 20:35:59.240] [Render thread/ERROR] [net.neoforged.fml.ModLoader/]: Cowardly refusing to send event net.neoforged.neoforge.client.event.TextureAtlasStitchedEvent to a broken mod state
[072월2026 20:35:59.241] [Render thread/INFO] [net.minecraft.client.renderer.texture.TextureAtlas/]: Created: 256x256x4 minecraft:textures/atlas/chest.png-atlas
[072월2026 20:35:59.241] [Render thread/ERROR] [net.neoforged.fml.ModLoader/]: Cowardly refusing to send event net.neoforged.neoforge.client.event.TextureAtlasStitchedEvent to a broken mod state
[072월2026 20:35:59.241] [Render thread/INFO] [net.minecraft.client.renderer.texture.TextureAtlas/]: Created: 128x64x4 minecraft:textures/atlas/decorated_pot.png-atlas
[072월2026 20:35:59.241] [Render thread/ERROR] [net.neoforged.fml.ModLoader/]: Cowardly refusing to send event net.neoforged.neoforge.client.event.TextureAtlasStitchedEvent to a broken mod state
[072월2026 20:35:59.241] [Render thread/INFO] [net.minecraft.client.renderer.texture.TextureAtlas/]: Created: 512x256x4 minecraft:textures/atlas/shulker_boxes.png-atlas
[072월2026 20:35:59.241] [Render thread/ERROR] [net.neoforged.fml.ModLoader/]: Cowardly refusing to send event net.neoforged.neoforge.client.event.TextureAtlasStitchedEvent to a broken mod state
[072월2026 20:35:59.241] [Render thread/INFO] [net.minecraft.client.renderer.texture.TextureAtlas/]: Created: 512x256x4 minecraft:textures/atlas/beds.png-atlas
[072월2026 20:35:59.241] [Render thread/ERROR] [net.neoforged.fml.ModLoader/]: Cowardly refusing to send event net.neoforged.neoforge.client.event.TextureAtlasStitchedEvent to a broken mod state
[072월2026 20:35:59.241] [Render thread/ERROR] [net.neoforged.fml.ModLoader/]: Cowardly refusing to send event net.neoforged.neoforge.client.event.ModelEvent$BakingCompleted to a broken mod state
[072월2026 20:35:59.244] [Render thread/INFO] [net.minecraft.client.renderer.texture.TextureAtlas/]: Created: 64x64x0 minecraft:textures/atlas/map_decorations.png-atlas
[072월2026 20:35:59.244] [Render thread/ERROR] [net.neoforged.fml.ModLoader/]: Cowardly refusing to send event net.neoforged.neoforge.client.event.TextureAtlasStitchedEvent to a broken mod state
[072월2026 20:35:59.362] [Render thread/ERROR] [net.neoforged.fml.ModLoader/]: Cowardly refusing to send event net.neoforged.neoforge.client.event.EntityRenderersEvent$AddLayers to a broken mod state
[072월2026 20:35:59.373] [Render thread/INFO] [net.minecraft.client.renderer.texture.TextureAtlas/]: Created: 512x256x0 minecraft:textures/atlas/particles.png-atlas
[072월2026 20:35:59.373] [Render thread/ERROR] [net.neoforged.fml.ModLoader/]: Cowardly refusing to send event net.neoforged.neoforge.client.event.TextureAtlasStitchedEvent to a broken mod state
[072월2026 20:35:59.374] [Render thread/INFO] [net.minecraft.client.renderer.texture.TextureAtlas/]: Created: 512x256x0 minecraft:textures/atlas/paintings.png-atlas
[072월2026 20:35:59.374] [Render thread/ERROR] [net.neoforged.fml.ModLoader/]: Cowardly refusing to send event net.neoforged.neoforge.client.event.TextureAtlasStitchedEvent to a broken mod state
[072월2026 20:35:59.374] [Render thread/INFO] [net.minecraft.client.renderer.texture.TextureAtlas/]: Created: 256x128x0 minecraft:textures/atlas/mob_effects.png-atlas
[072월2026 20:35:59.374] [Render thread/ERROR] [net.neoforged.fml.ModLoader/]: Cowardly refusing to send event net.neoforged.neoforge.client.event.TextureAtlasStitchedEvent to a broken mod state
[072월2026 20:35:59.375] [Render thread/INFO] [net.minecraft.client.renderer.texture.TextureAtlas/]: Created: 1024x512x0 minecraft:textures/atlas/gui.png-atlas
[072월2026 20:35:59.375] [Render thread/ERROR] [net.neoforged.fml.ModLoader/]: Cowardly refusing to send event net.neoforged.neoforge.client.event.TextureAtlasStitchedEvent to a broken mod state
[072월2026 20:35:59.476] [Render thread/ERROR] [net.minecraft.CrashReport/]: Negative index in crash report handler (0/31)
[072월2026 20:35:59.483] [Render thread/FATAL] [net.neoforged.neoforge.common.NeoForgeMod/]: Preparing crash report with UUID 06da90fc-30cf-424c-8cdf-14a791bdc934
[072월2026 20:35:59.483] [Render thread/FATAL] [net.neoforged.neoforge.client.loading.ClientModLoader/]: Crash report saved to .\crash-reports\crash-2026-02-07_20.35.59-fml.txt
[072월2026 20:35:59.484] [Render thread/FATAL] [net.neoforged.neoforge.common.NeoForgeMod/]: Preparing crash report with UUID be697cad-4ed6-4c7c-9fbf-bcb33e45f782
[072월2026 20:36:51.713] [Render thread/INFO] [net.minecraft.client.Minecraft/]: Stopping!
